<?xml version="1.0" encoding="UTF-8"?>
<!-- Generated by org.testng.reporters.JUnitXMLReporter -->
<testsuite ignored="1" hostname="myWorkstation" failures="0" tests="1" name="Default test" time="7.053" errors="0" timestamp="2025-03-04T11:07:27 IST">
  <testcase classname="ClinisysReasearchAndDevelopment.Tests.ErrorValidationsTest" name="incorrectProductNameError" time="4.045"/>
  <testcase classname="ClinisysReasearchAndDevelopment.Tests.ErrorValidationsTest" name="loginError" time="0.0">
    <ignored/>
  </testcase> <!-- loginError -->
</testsuite> <!-- Default test -->
