<?xml version="1.0" encoding="UTF-8"?>
<!-- Generated by org.testng.reporters.JUnitXMLReporter -->
<testsuite ignored="2" hostname="myWorkstation" failures="0" tests="0" time="0.011" errors="0" timestamp="2025-02-05T09:40:32 IST">
  <testcase classname="ClinisysReasearchAndDevelopment.Tests.SubmitOrderTest" name="submitOrder" time="0.0">
    <ignored/>
  </testcase> <!-- submitOrder -->
  <testcase classname="ClinisysReasearchAndDevelopment.Tests.SubmitOrderTest" name="verifyProductPresence" time="0.0">
    <ignored/>
  </testcase> <!-- verifyProductPresence -->
</testsuite>
