<?xml version="1.0" encoding="UTF-8"?>
<!-- Generated by org.testng.reporters.JUnitXMLReporter -->
<testsuite ignored="0" hostname="myWorkstation" failures="0" tests="2" name="Error validation test" time="8.822" errors="0" timestamp="2025-03-04T11:09:13 IST">
  <testcase classname="ClinisysReasearchAndDevelopment.Tests.ErrorValidationsTest" name="incorrectProductNameError" time="3.757"/>
  <testcase classname="ClinisysReasearchAndDevelopment.Tests.ErrorValidationsTest" name="loginError" time="1.226"/>
</testsuite> <!-- Error validation test -->
