<?xml version="1.0" encoding="UTF-8"?>
<!-- Generated by org.testng.reporters.JUnitXMLReporter -->
<testsuite ignored="0" hostname="myWorkstation" failures="0" tests="3" name="Submit order test" time="15.502" errors="0" timestamp="2025-03-04T11:09:04 IST">
  <testcase classname="ClinisysReasearchAndDevelopment.Tests.SubmitOrderTest" name="submitOrder" time="4.583"/>
  <testcase classname="ClinisysReasearchAndDevelopment.Tests.SubmitOrderTest" name="submitOrder" time="4.495"/>
  <testcase classname="ClinisysReasearchAndDevelopment.Tests.SubmitOrderTest" name="verifyProductPresence" time="0.423"/>
</testsuite> <!-- Submit order test -->
